-------------------------------------------------------------------------------
Test set: com.rogovig.tgbot.TgBotApplicationTests
-------------------------------------------------------------------------------
Tests run: 1, Failures: 0, Errors: 1, Skipped: 0, Time elapsed: 4.793 s <<< FAILURE! - in com.rogovig.tgbot.TgBotApplicationTests
contextLoads  Time elapsed: 0.001 s  <<< ERROR!
java.lang.IllegalStateException: Failed to load ApplicationContext
Caused by: org.springframework.beans.factory.BeanCreationException: Error creating bean with name 'telegramBotInitializer' defined in class path resource [org/telegram/telegrambots/starter/TelegramBotStarterConfiguration.class]: Invocation of init method failed; nested exception is java.lang.RuntimeException: Error removing old webhook
Caused by: java.lang.RuntimeException: Error removing old webhook
Caused by: org.telegram.telegrambots.meta.exceptions.TelegramApiRequestException: Error removing old webhook
Caused by: org.telegram.telegrambots.meta.exceptions.TelegramApiRequestException: Error executing org.telegram.telegrambots.meta.api.methods.updates.DeleteWebhook query: [404] Not Found

